0: (100)-|1|-|2|-|3|-|4|-|5|-|6|-|7|-|8|-|9|-|10|
1: (100)
2: (100)-|1|-|2|-|3|-|4|-|5|-|6|-|7|-|8|-|9|-|10|
0: (100)-|1|-|2|-|3|-|5|-|6|-|7|-|8|-|9|-|10|
1: (100)
2: (100)-|1|-|4|-|2|-|3|-|4|-|5|-|6|-|7|-|8|-|9|-|10|
0: (100)-|1|-|1|-|2|-|3|-|5|-|6|-|7|-|8|-|9|-|10|
1: (100)
2: (100)-|4|-|2|-|3|-|4|-|5|-|6|-|7|-|8|-|9|-|10|
0: (100)-|1|-|1|-|2|-|3|-|5|-|6|-|7|-|8|-|9|-|10|
1: (100)-|4|
2: (100)-|2|-|3|-|4|-|5|-|6|-|7|-|8|-|9|-|10|
0: (100)-|1|-|1|-|2|-|3|-|5|-|6|-|7|-|8|-|9|
1: (100)-|4|-|10|
2: (100)-|2|-|3|-|4|-|5|-|6|-|7|-|8|-|9|-|10|
0: 
1: 
2: 
3: 
4: 
5: 
6: 
7: 
8: 
9: 
0: (100)-|1|-|2|-|3|-|4|-|5|-|6|-|7|-|8|-|9|-|10|
1: (100)-|1|-|2|-|3|-|4|-|5|-|6|-|7|-|8|-|9|-|10|
2: (100)-|1|-|2|-|3|-|4|-|5|-|6|-|7|-|8|-|9|-|10|
3: (100)-|1|-|2|-|3|-|4|-|5|-|6|-|7|-|8|-|9|-|10|
4: (100)-|1|-|2|-|3|-|4|-|5|-|6|-|7|-|8|-|9|-|10|
5: (100)-|1|-|2|-|3|-|4|-|5|-|6|-|7|-|8|-|9|-|10|
6: (100)-|1|-|2|-|3|-|4|-|5|-|6|-|7|-|8|-|9|-|10|
7: (100)-|1|-|2|-|3|-|4|-|5|-|6|-|7|-|8|-|9|-|10|
8: (100)-|1|-|2|-|3|-|4|-|5|-|6|-|7|-|8|-|9|-|10|
9: (100)
0: (100)-|4|-|5|-|6|-|7|-|8|-|9|-|10|
1: (100)-|1|-|2|-|3|-|4|-|5|-|6|-|7|-|8|-|9|-|10|-|1|-|2|-|3|
2: (100)-|1|-|2|-|3|-|4|-|5|-|6|-|7|-|8|-|9|-|10|
3: (100)-|1|-|2|-|3|-|4|-|5|-|6|-|7|-|8|-|9|-|10|
4: (100)-|1|-|2|-|3|-|4|-|5|-|6|-|7|-|8|-|9|-|10|
5: (100)-|1|-|2|-|3|-|4|-|5|-|6|-|7|-|8|-|9|-|10|
6: (100)-|1|-|2|-|3|-|4|-|5|-|6|-|7|-|8|-|9|-|10|
7: (100)-|1|-|2|-|3|-|4|-|5|-|6|-|7|-|8|-|9|-|10|
8: (100)-|1|-|2|-|3|-|4|-|5|-|6|-|7|-|8|-|9|-|10|
9: (100)
0: (100)-|4|-|5|-|6|-|7|-|8|-|9|-|10|
1: (100)-|1|-|2|-|3|-|4|-|5|-|6|-|7|-|8|-|9|-|10|
2: (100)-|1|-|2|-|3|-|1|-|2|-|3|-|4|-|5|-|6|-|7|-|8|-|9|-|10|
3: (100)-|1|-|2|-|3|-|4|-|5|-|6|-|7|-|8|-|9|-|10|
4: (100)-|1|-|2|-|3|-|4|-|5|-|6|-|7|-|8|-|9|-|10|
5: (100)-|1|-|2|-|3|-|4|-|5|-|6|-|7|-|8|-|9|-|10|
6: (100)-|1|-|2|-|3|-|4|-|5|-|6|-|7|-|8|-|9|-|10|
7: (100)-|1|-|2|-|3|-|4|-|5|-|6|-|7|-|8|-|9|-|10|
8: (100)-|1|-|2|-|3|-|4|-|5|-|6|-|7|-|8|-|9|-|10|
9: (100)
0: (100)-|4|-|5|-|6|-|7|-|8|-|9|-|10|
1: (100)-|1|-|2|-|3|-|4|-|5|-|6|-|7|-|8|-|9|-|10|
2: (100)-|1|-|8|-|9|-|10|
3: (100)-|1|-|2|-|2|-|3|-|1|-|2|-|3|-|4|-|5|-|6|-|7|-|3|-|4|-|5|-|6|-|7|-|8|-|9|-|10|
4: (100)-|1|-|2|-|3|-|4|-|5|-|6|-|7|-|8|-|9|-|10|
5: (100)-|1|-|2|-|3|-|4|-|5|-|6|-|7|-|8|-|9|-|10|
6: (100)-|1|-|2|-|3|-|4|-|5|-|6|-|7|-|8|-|9|-|10|
7: (100)-|1|-|2|-|3|-|4|-|5|-|6|-|7|-|8|-|9|-|10|
8: (100)-|1|-|2|-|3|-|4|-|5|-|6|-|7|-|8|-|9|-|10|
9: (100)
0: (100)-|4|-|5|-|6|-|7|-|8|-|9|-|10|
1: (100)-|1|-|2|-|3|-|4|-|5|-|6|-|7|-|8|-|9|-|10|
2: (100)-|1|-|8|-|9|-|10|
3: (100)-|1|-|2|-|2|-|3|-|1|-|2|-|3|-|4|-|5|-|6|-|7|-|3|-|4|-|5|-|6|-|7|-|8|-|9|-|10|
4: (100)-|1|-|2|-|3|-|4|-|5|-|6|-|7|
5: (100)-|1|-|2|-|3|-|4|-|5|-|6|-|7|-|8|-|9|-|8|-|9|-|10|-|10|
6: (100)-|1|-|2|-|3|-|4|-|5|-|6|-|7|-|8|-|9|-|10|
7: (100)-|1|-|2|-|3|-|4|-|5|-|6|-|7|-|8|-|9|-|10|
8: (100)-|1|-|2|-|3|-|4|-|5|-|6|-|7|-|8|-|9|-|10|
9: (100)
0: (100)-|4|-|5|-|6|-|7|-|8|-|9|-|10|
1: (100)-|1|-|2|-|3|-|4|-|5|-|6|-|7|-|8|-|9|-|10|
2: (100)-|1|-|8|-|9|-|10|
3: (100)-|1|-|2|-|2|-|3|-|1|-|2|-|3|-|4|-|5|-|6|-|7|-|3|-|4|-|5|-|6|-|7|-|8|-|9|-|10|
4: (100)-|1|-|2|-|3|-|4|-|5|-|6|-|7|
5: (100)-|1|-|2|-|3|-|4|-|5|-|6|-|7|-|8|-|9|-|8|-|9|-|10|-|10|
6: (100)
7: (100)-|1|-|2|-|3|-|4|-|5|-|6|-|7|-|8|-|9|-|10|-|1|-|2|-|3|-|4|-|5|-|6|-|7|-|8|-|9|-|10|
8: (100)-|1|-|2|-|3|-|4|-|5|-|6|-|7|-|8|-|9|-|10|
9: (100)
0: (100)-|4|-|5|-|6|-|7|-|8|-|9|-|10|
1: (100)-|1|-|2|-|3|-|4|-|5|-|6|-|7|-|8|-|9|-|10|
2: (100)-|1|-|8|-|9|-|10|
3: (100)-|1|-|2|-|2|-|3|-|1|-|2|-|3|-|4|-|5|-|6|-|7|-|3|-|4|-|5|-|6|-|7|-|8|-|9|-|10|
4: (100)-|1|-|2|-|3|-|4|-|5|-|6|-|7|
5: (100)-|1|-|2|-|3|-|4|-|5|-|6|-|7|-|8|-|9|-|8|-|9|-|10|-|10|
6: (100)-|1|-|2|-|3|-|4|-|5|-|6|-|7|-|8|-|9|-|10|
7: (100)-|1|-|2|-|3|-|4|-|5|-|6|-|7|-|8|-|9|-|10|
8: (100)
9: (100)-|10|-|1|-|2|-|3|-|4|-|5|-|6|-|7|-|8|-|9|-|10|
0: (100)-|4|-|5|-|6|-|7|-|8|-|9|-|10|
1: (100)-|1|-|2|-|3|-|4|-|5|-|6|-|7|-|8|-|9|-|10|
2: (100)-|1|-|8|-|9|-|10|
3: (100)-|1|-|2|-|2|-|3|-|1|-|2|-|3|-|4|-|5|-|6|-|7|-|3|-|4|-|5|-|6|-|7|-|8|-|9|-|10|
4: (100)-|1|-|2|-|3|-|4|-|5|-|6|-|7|
5: (100)-|1|-|2|-|3|-|4|-|5|-|6|-|7|-|8|-|9|-|8|-|9|-|10|-|10|
6: (100)-|1|-|2|-|3|-|4|-|5|-|6|-|7|-|8|-|9|-|10|
7: (100)-|1|-|2|-|3|-|4|-|5|-|6|-|7|-|8|-|9|-|10|
8: (100)
9: (100)-|10|-|1|-|2|-|3|-|4|-|5|-|6|-|7|-|8|-|9|-|10|
0: 
1: 
2: 
3: 
4: 
5: 
6: 
7: 
8: 
9: 
