0: (100)-|1|-|2|-|3|-|4|-|5|-|6|-|7|-|8|-|9|-|10|
1: (100)-|1|-|2|-|3|-|4|-|5|-|6|-|7|-|8|-|9|-|10|
2: (100)-|1|-|2|-|3|-|4|-|5|-|6|-|7|-|8|-|9|-|10|
3: (100)-|1|-|2|-|3|-|4|-|5|-|6|-|7|-|8|-|9|-|10|
4: (100)-|1|-|2|-|3|-|4|-|5|-|6|-|7|-|8|-|9|-|10|
5: (100)-|1|-|2|-|3|-|4|-|5|-|6|-|7|-|8|-|9|-|10|
6: (100)-|1|-|2|-|3|-|4|-|5|-|6|-|7|-|8|-|9|-|10|
7: (100)-|1|-|2|-|3|-|4|-|5|-|6|-|7|-|8|-|9|-|10|
8: (100)-|1|-|2|-|3|-|4|-|5|-|6|-|7|-|8|-|9|-|10|
9: (100)-|1|-|2|-|3|-|4|-|5|-|6|-|7|-|8|-|9|-|10|
0
1
2
3
4
5
6
7
8
9
8
1
8
0: (100)-|2|-|3|-|4|-|5|-|6|-|7|-|8|-|9|-|10|
1: (100)-|99|
2: (100)-|1|-|2|-|4|-|5|-|6|-|7|-|8|-|9|-|10|
3: (100)-|1|-|2|-|3|-|5|-|6|-|7|-|8|-|9|-|10|
4: (100)-|1|-|2|-|3|-|4|-|6|-|7|-|8|-|9|-|10|
5: (100)-|1|-|2|-|3|-|4|-|5|-|7|-|8|-|9|-|10|
6: (100)-|1|-|2|-|3|-|4|-|5|-|6|-|8|-|9|-|10|
7: (100)-|1|-|2|-|3|-|4|-|5|-|6|-|7|-|9|-|10|
8: (100)-|1|-|2|-|3|-|4|-|5|-|6|-|7|-|8|-|10|
9: 
9
