0: (10)
1: (10)
2: (10)
3: (10)
0: (10)-|1|-|2|-|3|-|4|
1: (10)-|1|-|2|-|3|-|4|
2: (10)-|1|-|2|-|3|-|4|
3: (10)
0: (10)-|1|-|2|-|3|-|4|
1: (10)-|1|-|2|-|3|-|4|-|0|
2: (10)-|1|-|2|-|3|-|4|
3: (10)
0: (10)-|1|-|2|-|3|-|4|
1: (10)-|1|-|2|-|3|-|0|-|5|
2: (10)-|1|-|2|-|3|-|4|
3: (10)
0: (10)-|1|-|2|-|3|-|4|
1: (10)-|2|-|3|-|0|-|5|
2: (10)-|1|-|2|-|3|-|4|
3: (10)
0: (10)-|1|-|2|-|3|-|4|
1: (10)-|3|-|0|-|6|
2: (10)-|1|-|2|-|3|-|4|
3: (10)
0: (10)-|1|-|2|-|3|-|4|
1: (10)-|4|-|4|
2: (10)-|1|-|2|-|3|-|4|
3: (10)
0: (10)-|3|-|4|
1: (10)-|4|-|1|-|2|
2: (10)-|1|-|4|-|2|-|3|-|4|
3: (10)
0: (10)-|3|-|4|
1: (10)-|4|-|1|-|5|
2: 
3: (10)
