0: (100)-|1|-|2|-|3|-|4|-|5|-|6|-|7|-|8|-|9|-|10|
1: (99)-|1|-|2|-|3|-|4|-|5|-|6|-|7|-|8|-|9|-|10|
2: (98)-|1|-|2|-|3|-|4|-|5|-|6|-|7|-|8|-|9|-|10|
3: (97)-|1|-|2|-|3|-|4|-|5|-|6|-|7|-|8|-|9|-|10|
4: (96)-|1|-|2|-|3|-|4|-|5|-|6|-|7|-|8|-|9|-|10|
5: (95)-|1|-|2|-|3|-|4|-|5|-|6|-|7|-|8|-|9|-|10|
6: (94)-|1|-|2|-|3|-|4|-|5|-|6|-|7|-|8|-|9|-|10|
7: (93)-|1|-|2|-|3|-|4|-|5|-|6|-|7|-|8|-|9|-|10|
8: (92)-|1|-|2|-|3|-|4|-|5|-|6|-|7|-|8|-|9|-|10|
9: (91)-|1|-|2|-|3|-|4|-|5|-|6|-|7|-|8|-|9|-|10|
-1
-1
-1
-1
-1
-1
-1
-1
-1
-1
-1
0: (100)-|1|-|2|-|3|-|4|-|5|-|6|-|7|-|8|-|9|
1: (99)-|1|-|2|-|3|-|4|-|5|-|6|-|7|-|8|-|10|
2: (98)-|1|-|2|-|3|-|4|-|5|-|6|-|7|-|9|-|10|
3: (97)-|1|-|2|-|3|-|4|-|5|-|6|-|8|-|9|-|10|
4: (96)-|1|-|2|-|3|-|4|-|5|-|7|-|8|-|9|-|10|
5: (95)-|1|-|2|-|3|-|4|-|6|-|7|-|8|-|9|-|10|
6: (94)-|1|-|2|-|3|-|5|-|6|-|7|-|8|-|9|-|10|
7: (93)-|1|-|2|-|4|-|5|-|6|-|7|-|8|-|9|-|10|
8: (92)-|1|-|3|-|4|-|5|-|6|-|7|-|8|-|9|-|10|
9: (91)-|2|-|3|-|4|-|5|-|6|-|7|-|8|-|9|-|10|
-1
7
5
1
0: (100)-|2|-|3|-|4|-|5|-|6|-|7|-|8|-|9|-|10|-|1|-|2|-|3|-|4|-|5|-|6|-|7|-|8|-|9|
1: (99)-|1|-|3|-|4|-|5|-|6|-|7|-|8|-|9|-|10|-|1|-|2|-|3|-|4|-|5|-|6|-|7|-|8|-|10|-|1|
2: (98)
3: (97)-|1|-|2|-|3|-|4|-|5|-|6|-|8|-|9|-|10|
4: (96)-|1|-|2|-|3|-|4|-|5|-|7|-|8|-|9|-|10|
5: 
6: (94)-|1|-|2|-|3|-|5|-|6|-|7|-|8|-|9|-|10|
7: (93)-|1|-|2|-|3|-|4|-|5|-|6|-|7|-|9|-|1|-|2|-|4|-|5|-|6|-|7|-|8|-|9|
8: (92)
9: (91)
