0: (100)-|1|-|2|-|3|-|4|-|5|-|6|-|7|-|8|-|9|-|10|
1: (99)-|1|-|2|-|3|-|4|-|5|-|6|-|7|-|8|-|9|-|10|
2: (98)-|1|-|2|-|3|-|4|-|5|-|6|-|7|-|8|-|9|-|10|
3: (97)-|1|-|2|-|3|-|4|-|5|-|6|-|7|-|8|-|9|-|10|
4: (96)-|1|-|2|-|3|-|4|-|5|-|6|-|7|-|8|-|9|-|10|
5: (95)-|1|-|2|-|3|-|4|-|5|-|6|-|7|-|8|-|9|-|10|
6: (94)-|1|-|2|-|3|-|4|-|5|-|6|-|7|-|8|-|9|-|10|
7: (93)-|1|-|2|-|3|-|4|-|5|-|6|-|7|-|8|-|9|-|10|
8: (92)-|1|-|2|-|3|-|4|-|5|-|6|-|7|-|8|-|9|-|10|
9: (91)-|1|-|2|-|3|-|4|-|5|-|6|-|7|-|8|-|9|-|10|
9
8
7
6
5
4
3
2
1
0
9
8
8
1
0: (100)-|1|-|2|-|3|-|4|-|5|-|6|-|7|-|8|-|9|
1: (100)-|99|
2: (98)-|1|-|2|-|3|-|4|-|5|-|6|-|7|-|8|-|9|
3: (97)-|1|-|2|-|3|-|4|-|5|-|6|-|7|-|8|-|9|
4: (96)-|1|-|2|-|3|-|4|-|5|-|6|-|7|-|8|-|9|
5: (95)-|1|-|2|-|3|-|4|-|5|-|6|-|7|-|8|-|9|
6: (94)-|1|-|2|-|3|-|4|-|5|-|6|-|7|-|8|-|9|
7: (93)-|1|-|2|-|3|-|4|-|5|-|6|-|7|-|8|-|9|
8: (92)-|1|-|2|-|3|-|4|-|5|-|6|-|7|-|8|-|9|
9: 
