0: 
1: (100)
2: 
3: (300)
4: (4000)
5: 
6: 
7: (70)
0: 
1: (100)-|1|
2: 
3: (300)-|2|-|2|
4: (4000)-|3|-|2|-|3|
5: 
6: 
7: (70)-|4|-|1|-|4|-|1|-|4|
0: 
1: (100)
2: 
3: (300)
4: (4000)-|2|
5: 
6: 
7: (70)-|1|-|1|
0: 
1: (100)
2: 
3: (300)
4: (4000)
5: 
6: 
7: (70)
0: (100)-|7|-|7|-|0|-|7|-|7|-|1|-|7|-|7|-|2|-|7|-|7|-|3|-|7|-|7|-|4|-|7|-|7|-|5|-|7|-|7|-|6|-|7|-|7|-|7|-|7|-|7|-|8|-|7|-|7|-|9|-|7|-|7|-|10|-|7|-|7|-|11|-|7|-|7|-|12|-|7|-|7|-|13|-|7|-|7|-|14|-|7|-|7|-|15|-|7|-|7|-|16|-|7|-|7|-|17|-|7|-|7|-|18|-|7|-|7|-|19|-|7|-|7|-|20|-|7|-|7|-|21|-|7|-|7|-|22|-|7|-|7|-|23|-|7|-|7|-|24|-|7|-|7|-|25|-|7|-|7|-|26|-|7|-|7|-|27|-|7|-|7|-|28|-|7|-|7|-|29|-|7|-|7|-|30|-|7|-|7|-|31|-|7|-|7|-|32|-|7|-|7|-|33|-|7|-|7|-|34|-|7|-|7|-|35|-|7|-|7|-|36|-|7|-|7|-|37|-|7|-|7|-|38|-|7|-|7|-|39|-|7|-|7|-|40|-|7|-|7|-|41|-|7|-|7|-|42|-|7|-|7|-|43|-|7|-|7|-|44|-|7|-|7|-|45|-|7|-|7|-|46|-|7|-|7|-|47|-|7|-|7|-|48|-|7|-|7|-|49|
1: (100)-|7|-|7|-|0|-|7|-|7|-|1|-|7|-|7|-|2|-|7|-|7|-|3|-|7|-|7|-|4|-|7|-|7|-|5|-|7|-|7|-|6|-|7|-|7|-|7|-|7|-|7|-|8|-|7|-|7|-|9|-|7|-|7|-|10|-|7|-|7|-|11|-|7|-|7|-|12|-|7|-|7|-|13|-|7|-|7|-|14|-|7|-|7|-|15|-|7|-|7|-|16|-|7|-|7|-|17|-|7|-|7|-|18|-|7|-|7|-|19|-|7|-|7|-|20|-|7|-|7|-|21|-|7|-|7|-|22|-|7|-|7|-|23|-|7|-|7|-|24|-|7|-|7|-|25|-|7|-|7|-|26|-|7|-|7|-|27|-|7|-|7|-|28|-|7|-|7|-|29|-|7|-|7|-|30|-|7|-|7|-|31|-|7|-|7|-|32|-|7|-|7|-|33|-|7|-|7|-|34|-|7|-|7|-|35|-|7|-|7|-|36|-|7|-|7|-|37|-|7|-|7|-|38|-|7|-|7|-|39|-|7|-|7|-|40|-|7|-|7|-|41|-|7|-|7|-|42|-|7|-|7|-|43|-|7|-|7|-|44|-|7|-|7|-|45|-|7|-|7|-|46|-|7|-|7|-|47|-|7|-|7|-|48|-|7|-|7|-|49|
2: (100)-|7|-|7|-|0|-|7|-|7|-|1|-|7|-|7|-|2|-|7|-|7|-|3|-|7|-|7|-|4|-|7|-|7|-|5|-|7|-|7|-|6|-|7|-|7|-|7|-|7|-|7|-|8|-|7|-|7|-|9|-|7|-|7|-|10|-|7|-|7|-|11|-|7|-|7|-|12|-|7|-|7|-|13|-|7|-|7|-|14|-|7|-|7|-|15|-|7|-|7|-|16|-|7|-|7|-|17|-|7|-|7|-|18|-|7|-|7|-|19|-|7|-|7|-|20|-|7|-|7|-|21|-|7|-|7|-|22|-|7|-|7|-|23|-|7|-|7|-|24|-|7|-|7|-|25|-|7|-|7|-|26|-|7|-|7|-|27|-|7|-|7|-|28|-|7|-|7|-|29|-|7|-|7|-|30|-|7|-|7|-|31|-|7|-|7|-|32|-|7|-|7|-|33|-|7|-|7|-|34|-|7|-|7|-|35|-|7|-|7|-|36|-|7|-|7|-|37|-|7|-|7|-|38|-|7|-|7|-|39|-|7|-|7|-|40|-|7|-|7|-|41|-|7|-|7|-|42|-|7|-|7|-|43|-|7|-|7|-|44|-|7|-|7|-|45|-|7|-|7|-|46|-|7|-|7|-|47|-|7|-|7|-|48|-|7|-|7|-|49|
3: (300)-|7|-|7|-|0|-|7|-|7|-|1|-|7|-|7|-|2|-|7|-|7|-|3|-|7|-|7|-|4|-|7|-|7|-|5|-|7|-|7|-|6|-|7|-|7|-|7|-|7|-|7|-|8|-|7|-|7|-|9|-|7|-|7|-|10|-|7|-|7|-|11|-|7|-|7|-|12|-|7|-|7|-|13|-|7|-|7|-|14|-|7|-|7|-|15|-|7|-|7|-|16|-|7|-|7|-|17|-|7|-|7|-|18|-|7|-|7|-|19|-|7|-|7|-|20|-|7|-|7|-|21|-|7|-|7|-|22|-|7|-|7|-|23|-|7|-|7|-|24|-|7|-|7|-|25|-|7|-|7|-|26|-|7|-|7|-|27|-|7|-|7|-|28|-|7|-|7|-|29|-|7|-|7|-|30|-|7|-|7|-|31|-|7|-|7|-|32|-|7|-|7|-|33|-|7|-|7|-|34|-|7|-|7|-|35|-|7|-|7|-|36|-|7|-|7|-|37|-|7|-|7|-|38|-|7|-|7|-|39|-|7|-|7|-|40|-|7|-|7|-|41|-|7|-|7|-|42|-|7|-|7|-|43|-|7|-|7|-|44|-|7|-|7|-|45|-|7|-|7|-|46|-|7|-|7|-|47|-|7|-|7|-|48|-|7|-|7|-|49|
4: (4000)-|7|-|7|-|0|-|7|-|7|-|1|-|7|-|7|-|2|-|7|-|7|-|3|-|7|-|7|-|4|-|7|-|7|-|5|-|7|-|7|-|6|-|7|-|7|-|7|-|7|-|7|-|8|-|7|-|7|-|9|-|7|-|7|-|10|-|7|-|7|-|11|-|7|-|7|-|12|-|7|-|7|-|13|-|7|-|7|-|14|-|7|-|7|-|15|-|7|-|7|-|16|-|7|-|7|-|17|-|7|-|7|-|18|-|7|-|7|-|19|-|7|-|7|-|20|-|7|-|7|-|21|-|7|-|7|-|22|-|7|-|7|-|23|-|7|-|7|-|24|-|7|-|7|-|25|-|7|-|7|-|26|-|7|-|7|-|27|-|7|-|7|-|28|-|7|-|7|-|29|-|7|-|7|-|30|-|7|-|7|-|31|-|7|-|7|-|32|-|7|-|7|-|33|-|7|-|7|-|34|-|7|-|7|-|35|-|7|-|7|-|36|-|7|-|7|-|37|-|7|-|7|-|38|-|7|-|7|-|39|-|7|-|7|-|40|-|7|-|7|-|41|-|7|-|7|-|42|-|7|-|7|-|43|-|7|-|7|-|44|-|7|-|7|-|45|-|7|-|7|-|46|-|7|-|7|-|47|-|7|-|7|-|48|-|7|-|7|-|49|
5: (100)-|7|-|7|-|0|-|7|-|7|-|1|-|7|-|7|-|2|-|7|-|7|-|3|-|7|-|7|-|4|-|7|-|7|-|5|-|7|-|7|-|6|-|7|-|7|-|7|-|7|-|7|-|8|-|7|-|7|-|9|-|7|-|7|-|10|-|7|-|7|-|11|-|7|-|7|-|12|-|7|-|7|-|13|-|7|-|7|-|14|-|7|-|7|-|15|-|7|-|7|-|16|-|7|-|7|-|17|-|7|-|7|-|18|-|7|-|7|-|19|-|7|-|7|-|20|-|7|-|7|-|21|-|7|-|7|-|22|-|7|-|7|-|23|-|7|-|7|-|24|-|7|-|7|-|25|-|7|-|7|-|26|-|7|-|7|-|27|-|7|-|7|-|28|-|7|-|7|-|29|-|7|-|7|-|30|-|7|-|7|-|31|-|7|-|7|-|32|-|7|-|7|-|33|-|7|-|7|-|34|-|7|-|7|-|35|-|7|-|7|-|36|-|7|-|7|-|37|-|7|-|7|-|38|-|7|-|7|-|39|-|7|-|7|-|40|-|7|-|7|-|41|-|7|-|7|-|42|-|7|-|7|-|43|-|7|-|7|-|44|-|7|-|7|-|45|-|7|-|7|-|46|-|7|-|7|-|47|-|7|-|7|-|48|-|7|-|7|-|49|
6: (100)-|7|-|7|-|0|-|7|-|7|-|1|-|7|-|7|-|2|-|7|-|7|-|3|-|7|-|7|-|4|-|7|-|7|-|5|-|7|-|7|-|6|-|7|-|7|-|7|-|7|-|7|-|8|-|7|-|7|-|9|-|7|-|7|-|10|-|7|-|7|-|11|-|7|-|7|-|12|-|7|-|7|-|13|-|7|-|7|-|14|-|7|-|7|-|15|-|7|-|7|-|16|-|7|-|7|-|17|-|7|-|7|-|18|-|7|-|7|-|19|-|7|-|7|-|20|-|7|-|7|-|21|-|7|-|7|-|22|-|7|-|7|-|23|-|7|-|7|-|24|-|7|-|7|-|25|-|7|-|7|-|26|-|7|-|7|-|27|-|7|-|7|-|28|-|7|-|7|-|29|-|7|-|7|-|30|-|7|-|7|-|31|-|7|-|7|-|32|-|7|-|7|-|33|-|7|-|7|-|34|-|7|-|7|-|35|-|7|-|7|-|36|-|7|-|7|-|37|-|7|-|7|-|38|-|7|-|7|-|39|-|7|-|7|-|40|-|7|-|7|-|41|-|7|-|7|-|42|-|7|-|7|-|43|-|7|-|7|-|44|-|7|-|7|-|45|-|7|-|7|-|46|-|7|-|7|-|47|-|7|-|7|-|48|-|7|-|7|-|49|
7: (70)-|7|-|7|-|0|-|7|-|7|-|1|-|7|-|7|-|2|-|7|-|7|-|3|-|7|-|7|-|4|-|7|-|7|-|5|-|7|-|7|-|6|-|7|-|7|-|7|-|7|-|7|-|8|-|7|-|7|-|9|-|7|-|7|-|10|-|7|-|7|-|11|-|7|-|7|-|12|-|7|-|7|-|13|-|7|-|7|-|14|-|7|-|7|-|15|-|7|-|7|-|16|-|7|-|7|-|17|-|7|-|7|-|18|-|7|-|7|-|19|-|7|-|7|-|20|-|7|-|7|-|21|-|7|-|7|-|22|-|7|-|7|-|23|-|7|-|7|-|24|-|7|-|7|-|25|-|7|-|7|-|26|-|7|-|7|-|27|-|7|-|7|-|28|-|7|-|7|-|29|-|7|-|7|-|30|-|7|-|7|-|31|-|7|-|7|-|32|-|7|-|7|-|33|-|7|-|7|-|34|-|7|-|7|-|35|-|7|-|7|-|36|-|7|-|7|-|37|-|7|-|7|-|38|-|7|-|7|-|39|-|7|-|7|-|40|-|7|-|7|-|41|-|7|-|7|-|42|-|7|-|7|-|43|-|7|-|7|-|44|-|7|-|7|-|45|-|7|-|7|-|46|-|7|-|7|-|47|-|7|-|7|-|48|-|7|-|7|-|49|
0: (100)-|0|-|1|-|2|-|3|-|4|-|5|-|6|-|8|-|9|-|10|-|11|-|12|-|13|-|14|-|15|-|16|-|17|-|18|-|19|-|20|-|21|-|22|-|23|-|24|-|25|-|26|-|27|-|28|-|29|-|30|-|31|-|32|-|33|-|34|-|35|-|36|-|37|-|38|-|39|-|40|-|41|-|42|-|43|-|44|-|45|-|46|-|47|-|48|-|49|
1: (100)-|0|-|1|-|2|-|3|-|4|-|5|-|6|-|8|-|9|-|10|-|11|-|12|-|13|-|14|-|15|-|16|-|17|-|18|-|19|-|20|-|21|-|22|-|23|-|24|-|25|-|26|-|27|-|28|-|29|-|30|-|31|-|32|-|33|-|34|-|35|-|36|-|37|-|38|-|39|-|40|-|41|-|42|-|43|-|44|-|45|-|46|-|47|-|48|-|49|
2: (100)-|0|-|1|-|2|-|3|-|4|-|5|-|6|-|8|-|9|-|10|-|11|-|12|-|13|-|14|-|15|-|16|-|17|-|18|-|19|-|20|-|21|-|22|-|23|-|24|-|25|-|26|-|27|-|28|-|29|-|30|-|31|-|32|-|33|-|34|-|35|-|36|-|37|-|38|-|39|-|40|-|41|-|42|-|43|-|44|-|45|-|46|-|47|-|48|-|49|
3: (300)-|0|-|1|-|2|-|3|-|4|-|5|-|6|-|8|-|9|-|10|-|11|-|12|-|13|-|14|-|15|-|16|-|17|-|18|-|19|-|20|-|21|-|22|-|23|-|24|-|25|-|26|-|27|-|28|-|29|-|30|-|31|-|32|-|33|-|34|-|35|-|36|-|37|-|38|-|39|-|40|-|41|-|42|-|43|-|44|-|45|-|46|-|47|-|48|-|49|
4: (4000)-|0|-|1|-|2|-|3|-|4|-|5|-|6|-|8|-|9|-|10|-|11|-|12|-|13|-|14|-|15|-|16|-|17|-|18|-|19|-|20|-|21|-|22|-|23|-|24|-|25|-|26|-|27|-|28|-|29|-|30|-|31|-|32|-|33|-|34|-|35|-|36|-|37|-|38|-|39|-|40|-|41|-|42|-|43|-|44|-|45|-|46|-|47|-|48|-|49|
5: (100)-|0|-|1|-|2|-|3|-|4|-|5|-|6|-|8|-|9|-|10|-|11|-|12|-|13|-|14|-|15|-|16|-|17|-|18|-|19|-|20|-|21|-|22|-|23|-|24|-|25|-|26|-|27|-|28|-|29|-|30|-|31|-|32|-|33|-|34|-|35|-|36|-|37|-|38|-|39|-|40|-|41|-|42|-|43|-|44|-|45|-|46|-|47|-|48|-|49|
6: (100)-|0|-|1|-|2|-|3|-|4|-|5|-|6|-|8|-|9|-|10|-|11|-|12|-|13|-|14|-|15|-|16|-|17|-|18|-|19|-|20|-|21|-|22|-|23|-|24|-|25|-|26|-|27|-|28|-|29|-|30|-|31|-|32|-|33|-|34|-|35|-|36|-|37|-|38|-|39|-|40|-|41|-|42|-|43|-|44|-|45|-|46|-|47|-|48|-|49|
7: (70)-|0|-|1|-|2|-|3|-|4|-|5|-|6|-|8|-|9|-|10|-|11|-|12|-|13|-|14|-|15|-|16|-|17|-|18|-|19|-|20|-|21|-|22|-|23|-|24|-|25|-|26|-|27|-|28|-|29|-|30|-|31|-|32|-|33|-|34|-|35|-|36|-|37|-|38|-|39|-|40|-|41|-|42|-|43|-|44|-|45|-|46|-|47|-|48|-|49|
0: (100)
1: (100)
2: (100)
3: (300)
4: (4000)
5: (100)-|0|-|1|-|2|-|3|-|4|-|5|-|6|-|8|-|9|-|10|-|11|-|12|-|13|-|14|-|15|-|16|-|17|-|18|-|19|-|20|-|21|-|22|-|23|-|24|-|25|-|26|-|27|-|28|-|29|-|30|-|31|-|32|-|33|-|34|-|35|-|36|-|37|-|38|-|39|-|40|-|41|-|42|-|43|-|44|-|45|-|46|-|47|-|48|-|49|
6: (100)-|0|-|1|-|2|-|3|-|4|-|5|-|6|-|8|-|9|-|10|-|11|-|12|-|13|-|14|-|15|-|16|-|17|-|18|-|19|-|20|-|21|-|22|-|23|-|24|-|25|-|26|-|27|-|28|-|29|-|30|-|31|-|32|-|33|-|34|-|35|-|36|-|37|-|38|-|39|-|40|-|41|-|42|-|43|-|44|-|45|-|46|-|47|-|48|-|49|
7: (70)-|0|-|1|-|2|-|3|-|4|-|5|-|6|-|8|-|9|-|10|-|11|-|12|-|13|-|14|-|15|-|16|-|17|-|18|-|19|-|20|-|21|-|22|-|23|-|24|-|25|-|26|-|27|-|28|-|29|-|30|-|31|-|32|-|33|-|34|-|35|-|36|-|37|-|38|-|39|-|40|-|41|-|42|-|43|-|44|-|45|-|46|-|47|-|48|-|49|
0: (100)
1: (100)
2: (100)
3: (300)
4: (4000)
5: 
6: 
7: 
